<?xml version="1.0" encoding="UTF-8"?>
<testsuite name="com.telran.contacts.tests.ContactRegistrationTests" tests="1" skipped="0" failures="0" errors="0" timestamp="2022-08-21T09:59:26" hostname="WIN-J9DN6SMD2A2" time="1.472">
  <properties/>
  <testcase name="registrationUserAlreadyExist" classname="com.telran.contacts.tests.ContactRegistrationTests" time="1.472"/>
  <system-out><![CDATA[409
uri=/api/registration
User already exist!
409
]]></system-out>
  <system-err><![CDATA[]]></system-err>
</testsuite>
